<?xml version="1.0" encoding="UTF-8"?>
<testng-results ignored="0" total="1" passed="1" failed="0" skipped="0">
  <reporter-output>
  </reporter-output>
  <suite started-at="2024-05-29T09:48:36Z" name="Default suite" finished-at="2024-05-29T09:48:55Z" duration-ms="19225">
    <groups>
    </groups>
    <test started-at="2024-05-29T09:48:36Z" name="Default test" finished-at="2024-05-29T09:48:55Z" duration-ms="19225">
      <class name="verifylogin.Verifylogin">
        <test-method is-config="true" signature="setup()[pri:0, instance:verifylogin.Verifylogin@130e116b]" started-at="2024-05-29T09:48:36Z" name="setup" finished-at="2024-05-29T09:48:45Z" duration-ms="9286" status="PASS">
          <reporter-output>
          </reporter-output>
        </test-method> <!-- setup -->
        <test-method signature="login()[pri:0, instance:verifylogin.Verifylogin@130e116b]" started-at="2024-05-29T09:48:45Z" name="login" finished-at="2024-05-29T09:48:52Z" duration-ms="6570" status="PASS">
          <reporter-output>
          </reporter-output>
        </test-method> <!-- login -->
        <test-method is-config="true" signature="teardown()[pri:0, instance:verifylogin.Verifylogin@130e116b]" started-at="2024-05-29T09:48:52Z" name="teardown" finished-at="2024-05-29T09:48:55Z" duration-ms="3342" status="PASS">
          <reporter-output>
          </reporter-output>
        </test-method> <!-- teardown -->
      </class> <!-- verifylogin.Verifylogin -->
    </test> <!-- Default test -->
  </suite> <!-- Default suite -->
</testng-results>
